[2025-11-18 11:59:30,222] INFO - Entered the data ingestion method or component
[2025-11-18 11:59:30,225] INFO - Read the dataset as dataframe
[2025-11-18 11:59:30,227] INFO - train_test splits intiated 
[2025-11-18 11:59:30,230] INFO - Ingestion of the data is completed
[2025-11-18 11:59:30,233] INFO - applying preprocessing
[2025-11-18 11:59:30,234] INFO - data transformation initiated
[2025-11-18 11:59:30,234] INFO - Preprocessor object created and is ready to be returned.
[2025-11-18 11:59:30,241] INFO - preprocessing object saved
[2025-11-18 11:59:30,243] INFO - splitting training and test input data
[2025-11-18 11:59:30,243] INFO - Fitting base model for LinearRegression (no tuning).
[2025-11-18 11:59:30,246] INFO - Starting GridSearchCV for DecisionTree...
[2025-11-18 11:59:33,901] INFO - Best parameters for DecisionTree: {'max_depth': 5, 'min_samples_leaf': 2, 'min_samples_split': 10}
[2025-11-18 11:59:33,902] INFO - Starting GridSearchCV for RandomForest...
[2025-11-18 11:59:40,209] INFO - Best parameters for RandomForest: {'max_depth': 20, 'min_samples_leaf': 2, 'min_samples_split': 10, 'n_estimators': 200}
[2025-11-18 11:59:40,228] INFO - Starting GridSearchCV for GradientBoosting...
[2025-11-18 11:59:42,480] INFO - Best parameters for GradientBoosting: {'learning_rate': 0.05, 'max_depth': 3, 'min_samples_split': 5, 'n_estimators': 100}
[2025-11-18 11:59:42,482] INFO - Starting GridSearchCV for XGBRegressor...
[2025-11-18 11:59:44,205] INFO - Best parameters for XGBRegressor: {'colsample_bytree': 0.7, 'learning_rate': 0.1, 'max_depth': 3, 'n_estimators': 100, 'subsample': 1.0}
[2025-11-18 11:59:44,207] INFO - Starting GridSearchCV for CatBoostingRegressor...
[2025-11-18 11:59:49,923] INFO - Best parameters for CatBoostingRegressor: {'depth': 4, 'iterations': 100, 'l2_leaf_reg': 3, 'learning_rate': 0.1}
[2025-11-18 11:59:49,928] INFO - Best found model on testing dataset: LinearRegression with Test R2 Score: 0.8816
[2025-11-18 11:59:49,928] INFO - Diagnostic: Best model's Train R2 Score: 0.8737
