[2025-11-18 12:21:50,920] INFO - Entered the data ingestion method or component
[2025-11-18 12:21:50,922] INFO - Read the dataset as dataframe
[2025-11-18 12:21:50,925] INFO - train_test splits intiated 
[2025-11-18 12:21:50,928] INFO - Ingestion of the data is completed
[2025-11-18 12:21:50,931] INFO - applying preprocessing
[2025-11-18 12:21:50,932] INFO - data transformation initiated
[2025-11-18 12:21:50,932] INFO - Preprocessor object created and is ready to be returned.
[2025-11-18 12:21:50,943] INFO - preprocessing object saved
[2025-11-18 12:21:50,945] INFO - splitting training and test input data
[2025-11-18 12:21:50,946] INFO - Fitting base model for LinearRegression (no tuning).
[2025-11-18 12:21:50,949] INFO - Starting GridSearchCV for DecisionTree...
[2025-11-18 12:21:54,449] INFO - Best parameters for DecisionTree: {'max_depth': 5, 'min_samples_leaf': 2, 'min_samples_split': 2}
[2025-11-18 12:21:54,450] INFO - Starting GridSearchCV for RandomForest...
[2025-11-18 12:22:01,129] INFO - Best parameters for RandomForest: {'max_depth': 20, 'min_samples_leaf': 2, 'min_samples_split': 5, 'n_estimators': 200}
[2025-11-18 12:22:01,151] INFO - Starting GridSearchCV for GradientBoosting...
[2025-11-18 12:22:03,441] INFO - Best parameters for GradientBoosting: {'learning_rate': 0.05, 'max_depth': 3, 'min_samples_split': 5, 'n_estimators': 100}
[2025-11-18 12:22:03,444] INFO - Starting GridSearchCV for XGBRegressor...
[2025-11-18 12:22:05,260] INFO - Best parameters for XGBRegressor: {'colsample_bytree': 1.0, 'learning_rate': 0.1, 'max_depth': 3, 'n_estimators': 100, 'subsample': 1.0}
[2025-11-18 12:22:05,262] INFO - Starting GridSearchCV for CatBoostingRegressor...
[2025-11-18 12:22:08,840] INFO - Best parameters for CatBoostingRegressor: {'depth': 4, 'iterations': 100, 'l2_leaf_reg': 3, 'learning_rate': 0.1}
[2025-11-18 12:22:08,844] INFO - Best found model on testing dataset: LinearRegression with Test R2 Score: 0.8816
[2025-11-18 12:22:08,844] INFO - Diagnostic: Best model's Train R2 Score: 0.8737
